<?xml version="1.0" encoding="UTF-8" ?>
<testsuite tests="1" failures="0" name="com.ndl.bigquery.AppTest" time="0.004" errors="0" skipped="0">
  <properties>
    <property name="idea.version" value="2022.2.2"/>
    <property name="java.runtime.name" value="OpenJDK Runtime Environment"/>
    <property name="java.vm.version" value="21.0.1+12-29"/>
    <property name="sun.boot.library.path" value="C:\Users\krahu\.jdks\openjdk-21.0.1\bin"/>
    <property name="maven.multiModuleProjectDirectory" value="E:\Java\testApp"/>
    <property name="java.vm.vendor" value="Oracle Corporation"/>
    <property name="java.vendor.url" value="https://java.oracle.com/"/>
    <property name="guice.disable.misplaced.annotation.check" value="true"/>
    <property name="path.separator" value=";"/>
    <property name="java.vm.name" value="OpenJDK 64-Bit Server VM"/>
    <property name="sun.os.patch.level" value=""/>
    <property name="user.script" value=""/>
    <property name="user.country" value="IN"/>
    <property name="sun.java.launcher" value="SUN_STANDARD"/>
    <property name="java.vm.specification.name" value="Java Virtual Machine Specification"/>
    <property name="user.dir" value="E:\Java\testApp"/>
    <property name="java.vm.compressedOopsMode" value="Zero based"/>
    <property name="java.runtime.version" value="21.0.1+12-29"/>
    <property name="os.arch" value="amd64"/>
    <property name="java.io.tmpdir" value="C:\Users\krahu\AppData\Local\Temp\"/>
    <property name="line.separator" value="
"/>
    <property name="java.vm.specification.vendor" value="Oracle Corporation"/>
    <property name="user.variant" value=""/>
    <property name="stderr.encoding" value="UTF-8"/>
    <property name="os.name" value="Windows 11"/>
    <property name="maven.ext.class.path" value="C:\Program Files\JetBrains\IntelliJ IDEA Community Edition 2022.2.2\plugins\maven\lib\maven-event-listener.jar"/>
    <property name="classworlds.conf" value="C:\Program Files\JetBrains\IntelliJ IDEA Community Edition 2022.2.2\plugins\maven\lib\maven3\bin\m2.conf"/>
    <property name="sun.jnu.encoding" value="Cp1252"/>
    <property name="stdout.encoding" value="UTF-8"/>
    <property name="java.library.path" value="C:\Users\krahu\.jdks\openjdk-21.0.1\bin;C:\WINDOWS\Sun\Java\bin;C:\WINDOWS\system32;C:\WINDOWS;C:\windows\system32;C:\windows;C:\windows\System32\Wbem;C:\windows\System32\WindowsPowerShell\v1.0\;C:\windows\System32\OpenSSH\;C:\Program Files (x86)\NVIDIA Corporation\PhysX\Common;C:\Program Files\NVIDIA Corporation\NVIDIA NvDLISR;C:\Program Files\nodejs\;C:\WINDOWS\system32;C:\WINDOWS;C:\WINDOWS\System32\Wbem;C:\WINDOWS\System32\WindowsPowerShell\v1.0\;C:\WINDOWS\System32\OpenSSH\;C:\Program Files\Git\cmd;C:\Java\openlogic-openjdk-8u342-b07-windows-64\bin;C:\Program Files\apache-maven-3.8.7\bin;C:\Users\krahu\AppData\Local\Programs\Python\Python310\Scripts\;C:\Users\krahu\AppData\Local\Programs\Python\Python310\;C:\Users\krahu\AppData\Local\Microsoft\WindowsApps;C:\Rahul\Microsoft VS Code\bin;C:\Users\krahu\AppData\Roaming\npm;C:\Program Files\JetBrains\IntelliJ IDEA Community Edition 2022.2.2\bin;;C:\Java\openlogic-openjdk-8u342-b07-windows-64\bin;;."/>
    <property name="maven.conf" value="C:\Program Files\JetBrains\IntelliJ IDEA Community Edition 2022.2.2\plugins\maven\lib\maven3/conf"/>
    <property name="jdk.debug" value="release"/>
    <property name="java.class.version" value="65.0"/>
    <property name="java.specification.name" value="Java Platform API Specification"/>
    <property name="sun.management.compiler" value="HotSpot 64-Bit Tiered Compilers"/>
    <property name="os.version" value="10.0"/>
    <property name="user.home" value="C:\Users\krahu"/>
    <property name="user.timezone" value="Asia/Calcutta"/>
    <property name="file.encoding" value="UTF-8"/>
    <property name="java.specification.version" value="21"/>
    <property name="user.name" value="krahu"/>
    <property name="java.class.path" value="C:\Program Files\JetBrains\IntelliJ IDEA Community Edition 2022.2.2\plugins\maven\lib\maven3\boot\plexus-classworlds-2.6.0.jar;C:\Program Files\JetBrains\IntelliJ IDEA Community Edition 2022.2.2\plugins\maven\lib\maven3\boot\plexus-classworlds.license"/>
    <property name="java.vm.specification.version" value="21"/>
    <property name="sun.arch.data.model" value="64"/>
    <property name="sun.java.command" value="org.codehaus.classworlds.Launcher -Didea.version=2022.2.2 install"/>
    <property name="java.home" value="C:\Users\krahu\.jdks\openjdk-21.0.1"/>
    <property name="user.language" value="en"/>
    <property name="java.specification.vendor" value="Oracle Corporation"/>
    <property name="java.vm.info" value="mixed mode, sharing"/>
    <property name="java.version" value="21.0.1"/>
    <property name="native.encoding" value="Cp1252"/>
    <property name="java.vendor" value="Oracle Corporation"/>
    <property name="sun.stderr.encoding" value="UTF-8"/>
    <property name="maven.home" value="C:\Program Files\JetBrains\IntelliJ IDEA Community Edition 2022.2.2\plugins\maven\lib\maven3"/>
    <property name="file.separator" value="\"/>
    <property name="java.version.date" value="2023-10-17"/>
    <property name="java.vendor.url.bug" value="https://bugreport.java.com/bugreport/"/>
    <property name="sun.io.unicode.encoding" value="UnicodeLittle"/>
    <property name="sun.cpu.endian" value="little"/>
    <property name="sun.stdout.encoding" value="UTF-8"/>
    <property name="sun.cpu.isalist" value="amd64"/>
  </properties>
  <testcase classname="com.ndl.bigquery.AppTest" name="shouldAnswerWithTrue" time="0.004"/>
</testsuite>